<?xml version="1.0" encoding="UTF-8"?>
<testsuite name="DashPuzzleTest" tests="3" skipped="0" failures="0" errors="0" timestamp="2016-02-12T17:55:14" hostname="epicodus-26.local" time="0.001">
  <properties/>
  <testcase name="dashPuzzle_removesVowelsFromEntireSentence_sentenceChanges" classname="DashPuzzleTest" time="0.001"/>
  <testcase name="dashPuzzle_removesVowels_sentenceChanges" classname="DashPuzzleTest" time="0.0"/>
  <testcase name="dashPuzzle_removesCapitalVowels_sentenceChanges" classname="DashPuzzleTest" time="0.0"/>
  <system-out><![CDATA[]]></system-out>
  <system-err><![CDATA[]]></system-err>
</testsuite>
