<?xml version="1.0" encoding="UTF-8"?>
<testsuite name="DashPuzzleTest" tests="4" skipped="0" failures="0" errors="0" timestamp="2016-02-12T18:23:08" hostname="epicodus-26.local" time="0.257">
  <properties/>
  <testcase name="dashPuzzle_removesVowelsFromEntireSentence_sentenceChanges" classname="DashPuzzleTest" time="0.002"/>
  <testcase name="dashPuzzle_removesVowels_sentenceChanges" classname="DashPuzzleTest" time="0.001"/>
  <testcase name="rootTest" classname="DashPuzzleTest" time="0.241"/>
  <testcase name="dashPuzzle_removesCapitalVowels_sentenceChanges" classname="DashPuzzleTest" time="0.0"/>
  <system-out><![CDATA[]]></system-out>
  <system-err><![CDATA[[Thread-4] INFO spark.webserver.SparkServer - == Spark has ignited ...
[Thread-4] INFO spark.webserver.SparkServer - >> Listening on 0.0.0.0:4567
[Thread-4] INFO org.eclipse.jetty.server.Server - jetty-9.0.2.v20130417
[Thread-4] INFO org.eclipse.jetty.server.ServerConnector - Started ServerConnector@5da99e08{HTTP/1.1}{0.0.0.0:4567}
[Test worker] INFO spark.webserver.SparkServer - >>> Spark shutting down ...
[Test worker] INFO org.eclipse.jetty.server.Server - Graceful shutdown org.eclipse.jetty.server.Server@63be93d7 by 
[Test worker] INFO org.eclipse.jetty.server.ServerConnector - Stopped ServerConnector@5da99e08{HTTP/1.1}{0.0.0.0:4567}
[Test worker] INFO spark.webserver.SparkServer - done
]]></system-err>
</testsuite>
